<?xml version="1.0" encoding="UTF-8"?>
<!-- Generated by org.testng.reporters.JUnitReportReporter -->
<testsuite skipped="0" hostname="DESKTOP-FEB2MM5" name="test.CheckMonthsTest" tests="1" failures="0" timestamp="11 Mar 2021 15:37:04 GMT" time="8.104" errors="0">
  <testcase name="checkMonths" time="8.104" classname="test.CheckMonthsTest"/>
</testsuite> <!-- test.CheckMonthsTest -->
